Case 1: No
Case 2: No
Case 3: No
Case 4: No
Case 5: No
Case 6: No
Case 7: No
Case 8: Yes
1 (664,703)
1 (816,884)
5 (278,316) (356,367) (401,540) (545,548) (554,625)
1 (71,145)
1 (468,495)
4 (192,260) (271,468) (495,517) (588,599)
1 (163,434)
1 (17,29)
1 (39,62)
2 (431,506) (517,521)
1 (277,280)
1 (199,409)
1 (213,225)
1 (345,355)
2 (155,278) (280,316)
3 (49,213) (225,277) (316,340)
1 (521,751)
2 (356,545) (548,554)
2 (9,55) (62,71)
5 (340,345) (355,356) (409,431) (434,588) (599,611)
2 (316,356) (367,401)
1 (506,545)
1 (719,895)
2 (696,700) (703,705)
1 (540,681)
1 (545,780)
1 (260,271)
Case 9: No
Case 10: No
Case 11: Yes
1 (722,730)
1 (101,188)
1 (594,628)
1 (264,409)
1 (60,116)
1 (547,551)
1 (358,484)
1 (409,419)
1 (198,364)
1 (271,348)
1 (17,36)
1 (310,547)
1 (85,274)
2 (103,271) (274,285)
1 (484,499)
2 (159,271) (285,290)
1 (305,536)
1 (748,829)
2 (603,607) (628,631)
2 (502,606) (607,631)
5 (192,264) (271,310) (348,358) (364,395) (419,420)
1 (640,655)
1 (684,752)
4 (31,198) (290,305) (395,502) (536,540)
1 (878,880)
1 (559,570)
5 (70,103) (116,159) (188,192) (420,461) (499,502)
Case 12: Yes
4 (262,266) (309,347) (736,742) (756,886)
6 (172,206) (209,234) (713,716) (733,736) (742,745) (756,759)
1 (649,702)
3 (320,359) (495,505) (736,944)
2 (126,182) (206,209)
4 (182,206) (209,233) (234,258) (733,735)
1 (905,919)
2 (471,495) (505,515)
2 (73,170) (233,341)
2 (672,756) (759,761)
1 (787,821)
5 (258,262) (266,309) (359,364) (761,777) (821,855)
1 (49,78)
1 (347,488)
1 (364,382)
1 (167,172)
6 (382,400) (420,471) (488,495) (515,587) (745,756) (777,787)
3 (161,167) (170,172) (206,209)
2 (495,557) (587,610)
3 (495,517) (557,713) (716,733)
2 (347,391) (400,420)
1 (78,126)
2 (420,495) (517,654)
1 (610,618)
5 (17,161) (618,649) (654,672) (702,733) (735,736)
4 (9,73) (172,320) (341,347) (391,420)
Case 13: No
Case 14: No
Case 15: No
Case 16: Yes
1 (443,508)
1 (403,470)
3 (157,182) (201,211) (337,339)
1 (42,104)
1 (69,155)
2 (263,273) (283,400)
1 (578,580)
2 (219,266) (273,283)
1 (500,563)
1 (800,868)
1 (78,86)
1 (399,507)
1 (902,910)
1 (21,73)
3 (182,227) (246,314) (339,358)
1 (552,580)
1 (511,579)
1 (297,299)
1 (313,333)
1 (641,652)
1 (594,608)
2 (263,337) (358,376)
1 (83,201)
1 (227,297)
1 (386,500)
1 (655,689)
1 (534,595)
1 (211,219)
2 (319,552) (563,571)
2 (519,560) (571,578)
2 (560,603) (608,609)
2 (100,124) (155,157)
4 (107,263) (266,273) (283,319) (333,335)
1 (833,836)
2 (45,83) (86,88)
1 (401,441)
1 (92,224)
2 (482,507) (508,509)
3 (224,246) (299,313) (314,386)
3 (169,263) (273,283) (335,337)
1 (619,888)
1 (914,931)
1 (4,46)
6 (380,403) (441,443) (470,482) (507,534) (579,655) (689,717)
Case 17: Yes
1 (804,865)
1 (370,391)
5 (317,329) (370,447) (472,504) (610,613) (620,753)
2 (785,811) (865,870)
3 (755,766) (785,869) (870,932)
2 (171,370) (391,394)
5 (200,210) (224,275) (550,553) (586,599) (610,690)
2 (811,893) (932,946)
4 (753,759) (766,785) (869,875) (893,926)
3 (599,602) (625,641) (690,755)
2 (200,208) (210,224)
6 (103,119) (171,200) (394,397) (415,550) (553,577) (586,620)
7 (97,138) (415,419) (447,501) (550,558) (577,586) (602,610) (613,625)
2 (501,550) (558,586)
4 (103,184) (208,217) (504,518) (550,610)
1 (329,362)
4 (755,791) (799,804) (875,894) (926,946)
3 (641,755) (759,785) (791,799)
3 (119,171) (217,415) (419,468)
7 (138,171) (184,200) (275,317) (362,370) (397,415) (468,472) (518,550)
Case 18: No
Case 19: No
Case 20: No
Case 21: No
Case 22: No
Case 23: No
Case 24: Yes
1 (139,161)
4 (74,149) (599,626) (698,723) (742,807)
1 (23,24)
3 (425,450) (475,553) (555,594)
4 (161,177) (205,270) (282,338) (723,742)
2 (216,238) (270,282)
1 (42,81)
1 (819,857)
2 (425,599) (626,698)
1 (149,160)
2 (393,406) (555,559)
3 (171,220) (238,429) (450,475)
3 (338,343) (742,766) (807,819)
4 (406,425) (429,450) (475,535) (553,555)
2 (81,171) (177,205)
2 (160,216) (220,326)
3 (343,425) (450,475) (535,555)
2 (594,742) (766,816)
3 (326,393) (559,775) (816,819)
Case 25: Yes
1 (494,666)
2 (455,494) (666,828)
Case 26: Yes
1 (597,881)
1 (365,528)
Case 27: Yes
1 (539,553)
1 (770,783)
1 (349,581)
1 (0,180)
1 (48,246)
1 (284,303)
1 (202,209)
1 (345,480)
1 (19,20)
1 (174,388)
1 (542,820)
2 (151,214) (246,254)
1 (294,392)
Case 28: Yes
1 (208,394)
2 (315,361) (394,488)
1 (183,186)
2 (361,407) (488,567)
1 (726,744)
1 (567,568)
1 (121,311)
1 (53,236)
Case 29: No
Case 30: No
Case 31: No
Case 32: No
Case 33: No
Case 34: Yes
1 (750,791)
2 (792,793) (797,816)
4 (345,359) (370,442) (463,465) (534,543)
1 (46,48)
1 (129,140)
2 (713,789) (791,792)
1 (437,538)
1 (18,26)
9 (124,178) (217,222) (270,291) (345,411) (413,430) (442,445) (458,463) (465,485) (538,634)
2 (67,217) (222,223)
1 (177,203)
1 (52,323)
1 (300,413)
7 (5,73) (223,227) (244,310) (683,691) (698,712) (750,753) (765,870)
6 (217,222) (227,244) (345,346) (359,410) (411,413) (789,877)
2 (509,542) (543,581)
4 (66,124) (323,345) (410,469) (485,509)
5 (73,129) (140,177) (203,300) (310,345) (346,347)
6 (542,545) (581,683) (691,695) (816,860) (867,868) (870,990)
2 (300,345) (347,370)
2 (178,217) (222,244)
2 (646,683) (695,698)
1 (877,893)
2 (244,270) (291,300)
1 (61,63)
1 (712,745)
1 (793,797)
3 (469,493) (860,867) (868,912)
2 (430,437) (493,534)
2 (542,750) (753,765)
4 (545,578) (634,742) (745,750) (893,960)
4 (578,594) (596,646) (683,713) (742,913)
1 (26,29)
1 (445,458)
2 (413,542) (594,596)
Case 35: No
Case 36: No
Case 37: Yes
1 (24,71)
1 (298,509)
2 (332,483) (509,636)
2 (10,24) (71,140)
Case 38: No
Case 39: No
Case 40: Yes
1 (781,857)
6 (200,227) (250,315) (330,358) (611,644) (741,745) (749,768)
2 (718,741) (745,749)
1 (697,705)
1 (345,451)
1 (0,26)
1 (330,413)
1 (117,358)
1 (505,524)
4 (299,376) (451,467) (468,470) (611,687)
1 (633,634)
2 (285,345) (358,400)
1 (250,289)
3 (27,54) (614,627) (634,662)
3 (315,330) (376,460) (467,468)
1 (468,594)
1 (56,284)
2 (400,614) (627,633)
2 (154,330) (413,436)
1 (644,749)
1 (871,884)
1 (54,173)
2 (436,697) (705,708)
1 (6,151)
3 (8,73) (662,667) (687,804)
12 (48,56) (188,195) (200,250) (284,285) (289,299) (441,457) (460,534) (594,611) (708,718) (719,732) (741,755) (768,776)
3 (358,441) (457,468) (470,482)
1 (732,830)
1 (482,489)
4 (195,200) (489,505) (524,530) (534,560)
1 (560,598)
1 (841,843)
2 (20,158) (173,188)
2 (530,586) (598,611)
5 (73,117) (151,154) (158,200) (227,250) (586,741)
1 (667,719)
1 (816,888)
Case 41: No
Case 42: No
Case 43: No
Case 44: No
Case 45: No
Case 46: No
Case 47: No
Case 48: No
Case 49: No
Case 50: No
Case 51: Yes
1 (1,3)
1 (0,1)
1 (2,9)
2 (4,5) (6,8)
2 (1,4) (5,6)
1 (6,9)
1 (1,2)
1 (4,6)
Case 52: Yes
1 (0,10000)
1 (0,50000)
1 (0,50000)
1 (0,50000)
1 (0,50000)
Case 53: No
Case 54: No
Case 55: No
Case 56: No
Case 57: No
Case 58: Yes
3 (2144,14039) (14469,15291) (19283,19713)
1 (16853,23161)
1 (19713,21153)
1 (2051,4546)
1 (855,1243)
3 (16259,16350) (16452,16672) (21153,21255)
1 (5131,9878)
1 (12393,13627)
1 (1926,5922)
3 (12826,15961) (16259,19945) (21255,21704)
2 (12051,14469) (15291,15562)
2 (11895,12826) (13627,17374)
1 (14039,14469)
2 (16452,16552) (16672,16734)
4 (6806,12393) (14469,16452) (16552,19283) (19945,21354)
2 (2064,4250) (4546,5131)
2 (7795,8899) (9878,11895)
5 (11905,12051) (15562,16259) (16734,16853) (17374,20338) (21354,21704)
2 (15961,16259) (16350,16452)
1 (20338,21352)
Case 59: No
Case 60: No
Case 61: No
Case 62: Yes
1 (8905,11088)
1 (6640,8792)
1 (22,1410)
1 (23047,24474)
Case 63: No
Case 64: No
Case 65: Yes
1 (3291,6315)
1 (10934,17539)
2 (6335,14124) (17539,17712)
1 (1686,4039)
1 (2533,4440)
1 (4202,7810)
2 (4747,6674) (7810,8869)
1 (6674,22102)
1 (2541,2664)
2 (654,5535) (6315,6335)
Case 66: No
Case 67: Yes
1 (10004,10708)
1 (6447,6584)
1 (24049,31054)
1 (2202,4202)
1 (5423,5614)
1 (10708,11261)
1 (13363,14649)
Case 68: No
Case 69: No
Case 70: No
Case 71: No
Case 72: No
Case 73: Yes
2 (4103,7270) (7274,10536)
1 (24316,24405)
2 (5510,8690) (10536,13141)
2 (8690,9524) (13141,14684)
1 (1188,29381)
1 (7270,7274)
Case 74: No
Case 75: No
Case 76: No
Case 77: No
Case 78: No
Case 79: Yes
1 (27839,30189)
1 (8178,10516)
1 (1384,7395)
1 (15407,20582)
Case 80: No
Case 81: No
Case 82: No
Case 83: No
Case 84: No
Case 85: Yes
1 (14085,29616)
1 (5088,10855)
1 (14903,18564)
2 (5987,6321) (10855,10914)
1 (24575,30932)
2 (2432,5987) (6321,7323)
Case 86: Yes
1 (19550,21026)
5 (2213,2440) (2769,4436) (11334,11716) (15114,15775) (16059,28087)
1 (14918,14971)
1 (10616,16867)
1 (8962,10250)
1 (14397,18006)
3 (5050,6489) (6863,7499) (18006,18380)
1 (5839,8644)
2 (681,2769) (4436,5044)
1 (13557,14505)
1 (24261,24424)
1 (2769,11031)
2 (10579,10860) (11031,11334)
4 (1570,5839) (7499,10616) (10860,11334) (11716,12467)
2 (10250,10579) (12467,13557)
5 (8644,8962) (11334,14397) (14505,14918) (14971,15525) (15775,16059)
2 (2440,15114) (15525,17154)
1 (6489,6863)
2 (16867,18362) (18380,19435)
3 (2358,2769) (5044,5050) (17154,23351)
1 (398,464)
1 (18362,19023)
Case 87: No
Case 88: No
Case 89: No
Case 90: No
Case 91: Yes
1 (14402,19965)
1 (3619,11873)
1 (4936,6316)
1 (1344,5610)
1 (7448,7789)
2 (5976,11556) (11873,12392)
1 (1145,3113)
1 (1150,1349)
1 (13794,14928)
1 (2690,3946)
1 (396,1368)
5 (5575,9222) (11127,11500) (11556,15788) (18129,18474) (19965,21581)
1 (8561,12682)
2 (9222,19201) (21581,21737)
2 (14011,14402) (14928,15102)
2 (11500,12336) (12392,14205)
3 (6936,11127) (12336,14011) (14205,29539)
1 (6316,6853)
3 (12682,13794) (15102,18129) (18474,19201)
3 (5440,7448) (7789,8561) (15788,22566)
Case 92: No
Case 93: No
Case 94: Yes
1 (4554,12008)
1 (9958,10049)
1 (547,5158)
1 (884,1029)
1 (10846,16404)
2 (4416,4620) (5158,5897)
1 (27425,29611)
1 (19955,26977)
2 (2580,4554) (4620,4713)
1 (1502,2506)
2 (810,906) (1029,1502)
1 (5897,6431)
1 (35,3145)
1 (7215,13036)
1 (16203,19940)
1 (22909,25659)
Case 95: No
Case 96: No
Case 97: Yes
1 (7991,13503)
1 (8958,9537)
1 (13503,14743)
1 (4313,6467)
1 (23930,30473)
2 (5280,13256) (14743,14974)
1 (3526,5166)
1 (19323,20932)
1 (25898,27187)
Case 98: No
Case 99: No
Case 100: Yes
1 (21695,22251)
1 (14081,15052)
1 (13573,18945)
1 (5290,7018)
2 (4299,6568) (7018,9146)
2 (21292,22052) (22251,27950)
1 (22052,27724)
2 (18281,22038) (27724,27854)
Case 101: No
Case 102: No
Case 103: No
Case 104: No
Case 105: No
Case 106: No
Case 107: Yes
1 (21744,28930)
1 (6363,7647)
2 (674,27805) (28930,30575)
1 (2364,17702)
Case 108: No
Case 109: No
Case 110: No
Case 111: No
Case 112: Yes
1 (836,2091)
1 (28889,30076)
1 (450,6556)
1 (9347,9925)
1 (17180,19439)
1 (10774,11105)
1 (19185,24964)
1 (7102,8395)
Case 113: Yes
1 (29565,30613)
1 (6343,11521)
2 (9428,9567) (11521,12581)
1 (554,3200)
1 (5506,8955)
1 (15933,27956)
Case 114: No
Case 115: No
Case 116: Yes
1 (279,4072)
1 (1276,17443)
2 (11605,16925) (17443,20575)
1 (14407,25511)
1 (8648,9838)
1 (7848,14902)
Case 117: Yes
1 (2513,4627)
1 (10610,11687)
1 (8818,15509)
1 (20253,23553)
1 (12970,13616)
1 (5443,5559)
5 (122,10610) (11687,12970) (13616,15356) (15509,20253) (23553,24287)
1 (29164,29619)
1 (15356,17541)
Case 118: Yes
1 (13684,14704)
1 (15512,18078)
1 (4472,10060)
1 (21119,21766)
1 (709,811)
1 (10621,11275)
1 (2140,2236)
1 (11634,16229)
2 (3813,17399) (18078,18805)
2 (17399,17806) (18805,19199)
1 (19199,19983)
3 (4673,13684) (14704,15512) (16229,21163)
Case 119: Yes
1 (18760,19334)
4 (7198,8386) (8421,9198) (10124,12783) (16623,17584)
2 (8386,12348) (12783,13702)
1 (3,1753)
1 (31085,31191)
2 (13702,16799) (17584,17800)
1 (26980,27251)
1 (16799,18443)
1 (25916,26463)
1 (494,5853)
1 (26798,26897)
2 (487,11477) (12348,13702)
3 (10124,10664) (11477,18760) (19334,21797)
4 (9198,9994) (10664,10915) (17800,18390) (18443,18760)
4 (41,8421) (9994,10124) (10915,12889) (13702,21975)
2 (8041,10124) (12889,16623)
1 (1753,2394)
Case 120: No
Case 121: No
Case 122: No
Case 123: No
Case 124: No
Case 125: No
Case 126: Yes
1 (18803,22257)
1 (14969,19503)
1 (7957,8336)
1 (6206,10072)
1 (1665,10301)
2 (13053,22124) (22257,23734)
1 (18958,20608)
1 (6801,12195)
2 (18715,19171) (19503,20273)
1 (10301,10436)
2 (12243,18958) (19171,31224)
1 (10814,13569)
1 (14641,17857)
Case 127: No
Case 128: No
Case 129: No
Case 130: No
Case 131: No
Case 132: No
Case 133: Yes
1 (7428,9725)
1 (11934,13881)
2 (7959,9507) (9725,9870)
1 (19637,22039)
1 (2191,16098)
Case 134: No
Case 135: No
Case 136: No
Case 137: No
Case 138: Yes
1 (17761,19619)
1 (14836,17686)
1 (18046,25420)
1 (2292,5589)
1 (3182,11347)
2 (8379,11202) (11347,14836)
1 (24523,26830)
1 (16361,23227)
1 (1005,4231)
1 (4231,5031)
2 (6739,8482) (11202,14836)
Case 139: No
Case 140: Yes
1 (5796,10058)
1 (18128,24375)
1 (10058,11414)
1 (242,253)
1 (5136,5648)
1 (513,1185)
1 (1991,6077)
1 (12891,19336)
Case 141: No
Case 142: No
Case 143: No
Case 144: No
Case 145: No
Case 146: No
Case 147: No
Case 148: No
Case 149: No
Case 150: No
Case 151: Yes
1 (11714,14369)
1 (11659,12068)
1 (4630,19098)
1 (7556,13950)
4 (9242,9329) (9733,13958) (14949,15029) (15526,26863)
1 (2815,3594)
1 (19044,19289)
1 (20045,20144)
1 (4900,5049)
2 (13398,14360) (14369,14705)
7 (6091,6194) (6850,7556) (9242,11714) (12068,13398) (13950,14026) (19289,20045) (20144,21730)
1 (9329,9367)
1 (17722,18661)
1 (1452,2052)
1 (15526,15639)
1 (16705,17023)
3 (8507,8996) (9367,9566) (21730,21976)
2 (14026,14949) (15029,15318)
2 (14360,18175) (18661,18786)
2 (4545,6091) (6194,6850)
2 (2337,4900) (5049,5387)
1 (22616,25691)
5 (1777,8507) (9242,9329) (9566,11659) (14705,17722) (18175,18743)
4 (14949,15029) (15318,15526) (15639,16705) (17023,23651)
3 (13958,14949) (15029,15526) (18743,25105)
2 (1308,8901) (8996,9242)
5 (163,4630) (5387,9242) (9329,9358) (18786,19044) (19098,32069)
2 (8901,9242) (9358,9733)
Case 152: No
Case 153: No
Case 154: No
